0 info it worked if it ends with ok
1 verbose cli [ '/usr/bin/node',
1 verbose cli   '/usr/bin/npm',
1 verbose cli   'install',
1 verbose cli   '-g',
1 verbose cli   'demeteorizer' ]
2 info using npm@1.4.28
3 info using node@v0.10.37
4 verbose node symlink /usr/bin/node
5 verbose cache add [ 'demeteorizer', null ]
6 verbose cache add name=undefined spec="demeteorizer" args=["demeteorizer",null]
7 verbose parsed url { protocol: null,
7 verbose parsed url   slashes: null,
7 verbose parsed url   auth: null,
7 verbose parsed url   host: null,
7 verbose parsed url   port: null,
7 verbose parsed url   hostname: null,
7 verbose parsed url   hash: null,
7 verbose parsed url   search: null,
7 verbose parsed url   query: null,
7 verbose parsed url   pathname: 'demeteorizer',
7 verbose parsed url   path: 'demeteorizer',
7 verbose parsed url   href: 'demeteorizer' }
8 silly lockFile 1f24c036-demeteorizer demeteorizer
9 verbose lock demeteorizer /home/krishna/.npm/1f24c036-demeteorizer.lock
10 silly lockFile 1f24c036-demeteorizer demeteorizer
11 silly lockFile 1f24c036-demeteorizer demeteorizer
12 verbose addNamed [ 'demeteorizer', '' ]
13 verbose addNamed [ null, '*' ]
14 silly lockFile f097233f-demeteorizer demeteorizer@
15 verbose lock demeteorizer@ /home/krishna/.npm/f097233f-demeteorizer.lock
16 silly addNameRange { name: 'demeteorizer', range: '*', hasData: false }
17 verbose request where is /demeteorizer
18 verbose request registry https://registry.npmjs.org/
19 verbose request id f253d2e29a6b6174
20 verbose url raw /demeteorizer
21 verbose url resolving [ 'https://registry.npmjs.org/', './demeteorizer' ]
22 verbose url resolved https://registry.npmjs.org/demeteorizer
23 verbose request where is https://registry.npmjs.org/demeteorizer
24 info trying registry request attempt 1 at 22:52:43
25 verbose etag "8L5D55KLDB12BJ3370TFY9Z2V"
26 http GET https://registry.npmjs.org/demeteorizer
27 http 304 https://registry.npmjs.org/demeteorizer
28 silly registry.get cb [ 304,
28 silly registry.get   { date: 'Fri, 18 Dec 2015 17:22:44 GMT',
28 silly registry.get     via: '1.1 varnish',
28 silly registry.get     'cache-control': 'max-age=300',
28 silly registry.get     etag: '"8L5D55KLDB12BJ3370TFY9Z2V"',
28 silly registry.get     age: '107',
28 silly registry.get     connection: 'keep-alive',
28 silly registry.get     'x-served-by': 'cache-sin6923-SIN',
28 silly registry.get     'x-cache': 'HIT',
28 silly registry.get     'x-cache-hits': '1',
28 silly registry.get     'x-timer': 'S1450459364.658968,VS0,VE1',
28 silly registry.get     vary: 'Accept' } ]
29 verbose etag https://registry.npmjs.org/demeteorizer from cache
30 silly addNameRange number 2 { name: 'demeteorizer', range: '*', hasData: true }
31 silly addNameRange versions [ 'demeteorizer',
31 silly addNameRange   [ '0.1.0',
31 silly addNameRange     '0.2.0',
31 silly addNameRange     '0.2.1',
31 silly addNameRange     '0.2.2',
31 silly addNameRange     '0.2.3',
31 silly addNameRange     '0.2.4',
31 silly addNameRange     '0.2.5',
31 silly addNameRange     '0.2.6',
31 silly addNameRange     '0.2.7',
31 silly addNameRange     '0.2.8',
31 silly addNameRange     '0.2.9',
31 silly addNameRange     '0.3.0',
31 silly addNameRange     '0.3.1',
31 silly addNameRange     '0.3.2',
31 silly addNameRange     '0.4.0',
31 silly addNameRange     '0.5.0',
31 silly addNameRange     '0.6.0',
31 silly addNameRange     '0.6.1',
31 silly addNameRange     '0.7.0',
31 silly addNameRange     '0.8.0',
31 silly addNameRange     '0.8.1',
31 silly addNameRange     '0.9.0',
31 silly addNameRange     '1.0.0',
31 silly addNameRange     '1.0.1',
31 silly addNameRange     '1.0.2',
31 silly addNameRange     '1.0.3',
31 silly addNameRange     '2.0.0',
31 silly addNameRange     '2.0.1',
31 silly addNameRange     '2.0.2',
31 silly addNameRange     '2.0.3',
31 silly addNameRange     '2.0.4',
31 silly addNameRange     '2.0.5',
31 silly addNameRange     '2.0.6',
31 silly addNameRange     '2.1.0',
31 silly addNameRange     '2.1.1',
31 silly addNameRange     '2.1.2',
31 silly addNameRange     '2.1.3',
31 silly addNameRange     '2.2.0',
31 silly addNameRange     '2.2.1',
31 silly addNameRange     '2.2.2',
31 silly addNameRange     '2.2.3',
31 silly addNameRange     '2.2.4',
31 silly addNameRange     '2.2.5',
31 silly addNameRange     '2.2.6',
31 silly addNameRange     '2.2.7',
31 silly addNameRange     '2.2.8',
31 silly addNameRange     '2.2.9',
31 silly addNameRange     '2.2.10',
31 silly addNameRange     '2.3.0',
31 silly addNameRange     '2.3.1',
31 silly addNameRange     '3.0.0-alpha.1',
31 silly addNameRange     '3.0.0-alpha.2',
31 silly addNameRange     '3.0.0-alpha.3',
31 silly addNameRange     '3.0.0-alpha.4',
31 silly addNameRange     '3.0.0-alpha.5',
31 silly addNameRange     '3.0.0-beta.1',
31 silly addNameRange     '3.0.0-beta.2',
31 silly addNameRange     '3.0.0-beta.3',
31 silly addNameRange     '3.0.0',
31 silly addNameRange     '3.0.1' ] ]
32 verbose addNamed [ 'demeteorizer', '3.0.1' ]
33 verbose addNamed [ '3.0.1', '3.0.1' ]
34 silly lockFile 785ea528-demeteorizer-3-0-1 demeteorizer@3.0.1
35 verbose lock demeteorizer@3.0.1 /home/krishna/.npm/785ea528-demeteorizer-3-0-1.lock
36 silly lockFile 785ea528-demeteorizer-3-0-1 demeteorizer@3.0.1
37 silly lockFile 785ea528-demeteorizer-3-0-1 demeteorizer@3.0.1
38 silly lockFile f097233f-demeteorizer demeteorizer@
39 silly lockFile f097233f-demeteorizer demeteorizer@
40 silly resolved [ { name: 'demeteorizer',
40 silly resolved     description: 'Converts a Meteor app into a "standard" Node.js application.',
40 silly resolved     keywords: [ 'meteor' ],
40 silly resolved     version: '3.0.1',
40 silly resolved     author: { name: 'Modulus', email: 'support@modulus.io' },
40 silly resolved     maintainers: [ [Object], [Object], [Object] ],
40 silly resolved     contributors: [ [Object], [Object], [Object], [Object], [Object] ],
40 silly resolved     license: 'MIT',
40 silly resolved     repository:
40 silly resolved      { type: 'git',
40 silly resolved        url: 'git+https://github.com/OnModulus/demeteorizer.git' },
40 silly resolved     dependencies: { commander: '2.8.1', hoek: '2.x.x', 'win-spawn': '2.0.0' },
40 silly resolved     devDependencies:
40 silly resolved      { code: '1.x.x',
40 silly resolved        lab: '5.x.x',
40 silly resolved        proxyquire: '1.7.1',
40 silly resolved        sinon: '1.16.1',
40 silly resolved        eslint: '1.3.1',
40 silly resolved        'eslint-plugin-hapi': '1.2.0',
40 silly resolved        'eslint-config-modulus': '*' },
40 silly resolved     scripts:
40 silly resolved      { test: 'lab --lint --threshold 100',
40 silly resolved        'gen-coverage': 'lab --coverage --reporter lcov --output coverage/lcov.info' },
40 silly resolved     main: './lib/demeteorizer',
40 silly resolved     bin: { demeteorizer: './bin/demeteorizer' },
40 silly resolved     preferGlobal: true,
40 silly resolved     engines: { node: '>= 0.10.0' },
40 silly resolved     gitHead: '20bdf9a81ac7bd4a42d691d62a0aad975736a7f9',
40 silly resolved     bugs: { url: 'https://github.com/OnModulus/demeteorizer/issues' },
40 silly resolved     homepage: 'https://github.com/OnModulus/demeteorizer#readme',
40 silly resolved     _id: 'demeteorizer@3.0.1',
40 silly resolved     _shasum: '42f3d97d631b9d2ae901a804bafc3e3a762aae52',
40 silly resolved     _from: 'demeteorizer@',
40 silly resolved     _npmVersion: '3.3.4',
40 silly resolved     _nodeVersion: '4.1.0',
40 silly resolved     _npmUser: { name: 'fiveisprime', email: 'matt@modulus.io' },
40 silly resolved     dist:
40 silly resolved      { shasum: '42f3d97d631b9d2ae901a804bafc3e3a762aae52',
40 silly resolved        tarball: 'http://registry.npmjs.org/demeteorizer/-/demeteorizer-3.0.1.tgz' },
40 silly resolved     directories: {},
40 silly resolved     _resolved: 'https://registry.npmjs.org/demeteorizer/-/demeteorizer-3.0.1.tgz',
40 silly resolved     readme: 'ERROR: No README data found!' } ]
41 info install demeteorizer@3.0.1 into /usr/lib
42 info installOne demeteorizer@3.0.1
43 verbose lib/node_modules/demeteorizer unbuild
44 verbose tar unpack /home/krishna/.npm/demeteorizer/3.0.1/package.tgz
45 silly lockFile 2eb488d9-sr-lib-node-modules-demeteorizer tar:///usr/lib/node_modules/demeteorizer
46 verbose lock tar:///usr/lib/node_modules/demeteorizer /home/krishna/.npm/2eb488d9-sr-lib-node-modules-demeteorizer.lock
47 silly lockFile c0715ea9-m-demeteorizer-3-0-1-package-tgz tar:///home/krishna/.npm/demeteorizer/3.0.1/package.tgz
48 verbose lock tar:///home/krishna/.npm/demeteorizer/3.0.1/package.tgz /home/krishna/.npm/c0715ea9-m-demeteorizer-3-0-1-package-tgz.lock
49 silly gunzTarPerm modes [ '775', '664' ]
50 error Error: EACCES, mkdir '/usr/lib/node_modules/demeteorizer'
50 error  { [Error: EACCES, mkdir '/usr/lib/node_modules/demeteorizer']
50 error   errno: 3,
50 error   code: 'EACCES',
50 error   path: '/usr/lib/node_modules/demeteorizer',
50 error   fstream_type: 'Directory',
50 error   fstream_path: '/usr/lib/node_modules/demeteorizer',
50 error   fstream_class: 'DirWriter',
50 error   fstream_stack:
50 error    [ '/usr/lib/node_modules/npm/node_modules/fstream/lib/dir-writer.js:36:23',
50 error      '/usr/lib/node_modules/npm/node_modules/mkdirp/index.js:46:53',
50 error      'Object.oncomplete (fs.js:108:15)' ] }
51 error Please try running this command again as root/Administrator.
52 error System Linux 3.16.0-53-generic
53 error command "/usr/bin/node" "/usr/bin/npm" "install" "-g" "demeteorizer"
54 error cwd /home/krishna/Projects/MeteorPOS
55 error node -v v0.10.37
56 error npm -v 1.4.28
57 error path /usr/lib/node_modules/demeteorizer
58 error fstream_path /usr/lib/node_modules/demeteorizer
59 error fstream_type Directory
60 error fstream_class DirWriter
61 error code EACCES
62 error errno 3
63 error stack Error: EACCES, mkdir '/usr/lib/node_modules/demeteorizer'
64 error fstream_stack /usr/lib/node_modules/npm/node_modules/fstream/lib/dir-writer.js:36:23
64 error fstream_stack /usr/lib/node_modules/npm/node_modules/mkdirp/index.js:46:53
64 error fstream_stack Object.oncomplete (fs.js:108:15)
65 verbose exit [ 3, true ]
